[01:28:44] [ServerMain/INFO]: Environment: Environment[sessionHost=https://sessionserver.mojang.com, servicesHost=https://api.minecraftservices.com, name=PROD]
[01:28:45] [ServerMain/INFO]: No existing world data, creating new world
[01:28:46] [ServerMain/INFO]: Loaded 1337 recipes
[01:28:46] [ServerMain/INFO]: Loaded 1448 advancements
[01:28:46] [Server thread/INFO]: Starting minecraft server version 1.21.3
[01:28:46] [Server thread/INFO]: Loading properties
[01:28:46] [Server thread/INFO]: Default game type: SURVIVAL
[01:28:46] [Server thread/INFO]: Generating keypair
[01:28:46] [Server thread/INFO]: Starting Minecraft server on *:25565
[01:28:46] [Server thread/INFO]: Using epoll channel type
[01:28:46] [Server thread/WARN]: **** SERVER IS RUNNING IN OFFLINE/INSECURE MODE!
[01:28:46] [Server thread/WARN]: The server will make no attempt to authenticate usernames. Beware.
[01:28:46] [Server thread/WARN]: While this makes the game possible to play without internet access, it also opens up the ability for hackers to connect with any username they choose.
[01:28:46] [Server thread/WARN]: To change this, set "online-mode" to "true" in the server.properties file.
[01:28:46] [Server thread/INFO]: Preparing level "world"
[01:28:52] [Server thread/INFO]: Preparing start region for dimension minecraft:overworld
[01:28:52] [Worker-Main-2/INFO]: Preparing spawn area: 2%
[01:28:53] [Worker-Main-3/INFO]: Preparing spawn area: 2%
[01:28:53] [Worker-Main-1/INFO]: Preparing spawn area: 2%
[01:28:54] [Worker-Main-2/INFO]: Preparing spawn area: 2%
[01:28:54] [Worker-Main-1/INFO]: Preparing spawn area: 2%
[01:28:55] [Worker-Main-1/INFO]: Preparing spawn area: 18%
[01:28:55] [Worker-Main-2/INFO]: Preparing spawn area: 18%
[01:28:56] [Worker-Main-1/INFO]: Preparing spawn area: 18%
[01:28:56] [Worker-Main-1/INFO]: Preparing spawn area: 18%
[01:28:57] [Worker-Main-1/INFO]: Preparing spawn area: 51%
[01:28:57] [Worker-Main-1/INFO]: Preparing spawn area: 51%
[01:28:58] [Worker-Main-2/INFO]: Preparing spawn area: 51%
[01:28:58] [Worker-Main-1/INFO]: Preparing spawn area: 51%
[01:28:59] [Worker-Main-2/INFO]: Preparing spawn area: 51%
[01:28:59] [Server thread/INFO]: Time elapsed: 6633 ms
[01:28:59] [Server thread/INFO]: Done (12.887s)! For help, type "help"
[01:28:59] [Server thread/INFO]: Unknown or incomplete command, see below for error
[01:28:59] [Server thread/INFO]: home/codespace/.python/current/bin/python /workspaces/Server-1/msx.py<--[HERE]
[01:29:15] [Server thread/INFO]: Maps[/127.32.240.93:35617] logged in with entity id 17 at (554.5, 193.0, 377.5)
[01:29:15] [Server thread/INFO]: Maps joined the game
[01:31:10] [Server thread/INFO]: Unknown or incomplete command, see below for error
[01:31:10] [Server thread/INFO]: gamemode<--[HERE]
[01:31:17] [Server thread/INFO]: Unknown game mode: 1
[01:31:17] [Server thread/INFO]: gamemode 1 Maps<--[HERE]
[01:31:28] [Server thread/INFO]: Made Maps a server operator
[01:31:35] [Server thread/INFO]: [Maps: Set own game mode to Creative Mode]
[01:31:57] [Server thread/WARN]: Maps moved too quickly! 0.22465735164320222,0.0,10.831264344939925
[01:32:22] [Server thread/INFO]: Stopping the server
[01:32:22] [Server thread/INFO]: Stopping server
[01:32:22] [Server thread/INFO]: Saving players
[01:32:22] [Server thread/INFO]: Maps lost connection: Server closed
[01:32:22] [Server thread/INFO]: Maps left the game
[01:32:22] [Server thread/INFO]: Saving worlds
[01:32:22] [Server thread/INFO]: Saving chunks for level 'ServerLevel[world]'/minecraft:overworld
[01:32:23] [Server thread/INFO]: Saving chunks for level 'ServerLevel[world]'/minecraft:the_nether
[01:32:23] [Server thread/INFO]: Saving chunks for level 'ServerLevel[world]'/minecraft:the_end
[01:32:23] [Server thread/INFO]: ThreadedAnvilChunkStorage (world): All chunks are saved
[01:32:23] [Server thread/INFO]: ThreadedAnvilChunkStorage (DIM-1): All chunks are saved
[01:32:23] [Server thread/INFO]: ThreadedAnvilChunkStorage (DIM1): All chunks are saved
[01:32:23] [Server thread/INFO]: ThreadedAnvilChunkStorage: All dimensions are saved
